Sun Dec 26 00:49:56 2021 LOG: found string --"
Sun Dec 26 00:49:56 2021 LOG: starts with -- and ends with "
Sun Dec 26 00:49:56 2021 LOG: end of string with "
Sun Dec 26 00:49:56 2021 LOG: found string "
Sun Dec 26 00:49:56 2021 LOG: end of string with "
Sun Dec 26 00:49:56 2021 LOG: found string "
Sun Dec 26 00:49:56 2021 LOG: end of string with -"
Sun Dec 26 00:49:56 2021 LOG: found string "
Sun Dec 26 00:49:56 2021 LOG: {
  {
    {
      "--[[",
      "text",
    },
    {
      "test",
      "text",
    },
    {
      "]]",
      "text",
    },
  },
  {
    {
      "test",
      "text",
    },
  },
  {
    {
      "--",
      "text",
    },
    {
      "\"",
      "stringa",
    },
    {
      "comment",
      "stringd",
    },
    {
      " ",
      "stringd",
    },
    {
      "with",
      "stringd",
    },
    {
      " ",
      "stringd",
    },
    {
      "string",
      "stringd",
    },
    {
      "\"",
      "text",
    },
  },
  {},
  {
    {
      "--[[",
      "stringd",
    },
  },
  {
    {
      "multiline",
      "stringd",
    },
    {
      " ",
      "stringd",
    },
    {
      "comment",
      "stringd",
    },
  },
  {
    {
      "]]",
      "stringd",
    },
  },
  {},
  {
    {
      "--[[",
      "stringd",
    },
  },
  {
    {
      "multiline",
      "stringd",
    },
    {
      " ",
      "stringd",
    },
    {
      "comment",
      "stringd",
    },
  },
  {
    {
      "with",
      "stringd",
    },
  },
  {
    {
      "multiple",
      "stringd",
    },
    {
      " ",
      "stringd",
    },
    {
      "lines",
      "stringd",
    },
  },
  {
    {
      "]]",
      "stringd",
    },
  },
  {},
  {},
  {
    {
      "--[[",
      "stringd",
    },
  },
  {
    {
      "multiline",
      "stringd",
    },
    {
      " ",
      "stringd",
    },
    {
      "comment",
      "stringd",
    },
  },
  {
    {
      "\"",
      "text",
    },
    {
      "with",
      "text",
    },
    {
      " ",
      "text",
    },
    {
      "a",
      "text",
    },
    {
      " ",
      "text",
    },
    {
      "string",
      "text",
    },
    {
      "\"",
      "stringb",
    },
  },
  {
    {
      "]]",
      "stringd",
    },
  },
  {},
  {
    {
      "[[",
      "stringd",
    },
    {
      "multi",
      "stringd",
    },
    {
      " ",
      "stringd",
    },
    {
      "line",
      "stringd",
    },
  },
  {
    {
      "string",
      "stringd",
    },
  },
  {
    {
      "test",
      "stringd",
    },
    {
      "]]",
      "stringd",
    },
  },
  {},
  {
    {
      "\"",
      "text",
    },
    {
      "test",
      "text",
    },
    {
      "\"",
      "stringb",
    },
  },
  {
    {
      "-\"",
      "text",
    },
    {
      "incorrect",
      "text",
    },
    {
      " ",
      "text",
    },
    {
      "syntax",
      "text",
    },
    {
      "\"",
      "stringb",
    },
  },
}
